<?xml version="1.0" encoding="UTF-8"?>
<!-- Generated by org.testng.reporters.JUnitXMLReporter -->
<testsuite ignored="4" hostname="DESKTOP-NU2HF77" failures="0" tests="3" name="Groups Smoke" time="0.096" errors="0" timestamp="2025-03-14T21:33:39 IST">
  <testcase classname="lesson1.test1" name="OpenEnrollment2" time="0.013"/>
  <testcase classname="lesson1.test2" name="OpenEnrollment3" time="0.002"/>
  <testcase classname="lesson1.test3" name="OpenEnrollment7" time="0.001"/>
  <testcase classname="lesson1.test3" name="OpenEnrollment5" time="0.0">
    <ignored/>
  </testcase> <!-- OpenEnrollment5 -->
  <testcase classname="lesson1.test1" name="OpenEnrollment1" time="0.0">
    <ignored/>
  </testcase> <!-- OpenEnrollment1 -->
  <testcase classname="lesson1.test2" name="OpenEnrollment4" time="0.0">
    <ignored/>
  </testcase> <!-- OpenEnrollment4 -->
  <testcase classname="lesson1.test3" name="OpenEnrollment6" time="0.0">
    <ignored/>
  </testcase> <!-- OpenEnrollment6 -->
</testsuite> <!-- Groups Smoke -->
