<?xml version="1.0" encoding="UTF-8"?>
<!-- Generated by org.testng.reporters.JUnitXMLReporter -->
<testsuite ignored="1" hostname="DESKTOP-NU2HF77" failures="0" tests="3" name="Integration" time="0.07" errors="0" timestamp="2025-03-14T11:50:52 IST">
  <testcase classname="lesson1.test1" name="OpenEnrollment1" time="0.011"/>
  <testcase classname="lesson1.test1" name="OpenEnrollment2" time="0.001"/>
  <testcase classname="lesson1.test2" name="OpenEnrollment3" time="0.001"/>
  <testcase classname="lesson1.test2" name="OpenEnrollment4" time="0.0">
    <ignored/>
  </testcase> <!-- OpenEnrollment4 -->
</testsuite> <!-- Integration -->
