<?xml version="1.0" encoding="UTF-8"?>
<!-- Generated by org.testng.reporters.JUnitXMLReporter -->
<testsuite ignored="1" hostname="DESKTOP-NU2HF77" failures="0" tests="2" name="Regression" time="0.009" errors="0" timestamp="2025-03-14T11:50:52 IST">
  <testcase classname="lesson1.test3" name="OpenEnrollment5" time="0.001"/>
  <testcase classname="lesson1.test3" name="OpenEnrollment6" time="0.001"/>
  <testcase classname="lesson1.test3" name="OpenEnrollment7" time="0.0">
    <ignored/>
  </testcase> <!-- OpenEnrollment7 -->
</testsuite> <!-- Regression -->
