<?xml version="1.0" encoding="UTF-8"?>
<!-- Generated by org.testng.reporters.JUnitXMLReporter -->
<testsuite ignored="0" hostname="DESKTOP-NU2HF77" failures="0" tests="10" name="Test" time="0.092" errors="0" timestamp="2025-03-14T11:15:37 IST">
  <testcase classname="lesson1.test1" name="OpenEnrollment1" time="0.01"/>
  <testcase classname="lesson1.test1" name="OpenEnrollment2" time="0.002"/>
  <testcase classname="lesson1.test2" name="OpenEnrollment3" time="0.003"/>
  <testcase classname="lesson1.test2" name="OpenEnrollment4" time="0.001"/>
  <testcase classname="lesson1.test3" name="OpenEnrollment5" time="0.001"/>
  <testcase classname="lesson1.test3" name="OpenEnrollment6" time="0.001"/>
  <testcase classname="lesson1.test3" name="OpenEnrollment7" time="0.001"/>
  <testcase classname="lesson1.test4" name="OpenEnrollment10" time="0.001"/>
  <testcase classname="lesson1.test4" name="OpenEnrollment8" time="0.001"/>
  <testcase classname="lesson1.test4" name="OpenEnrollment9" time="0.002"/>
</testsuite> <!-- Test -->
