<?xml version="1.0" encoding="UTF-8"?>
<testng-results ignored="0" total="1" passed="1" failed="0" skipped="0">
  <reporter-output>
  </reporter-output>
  <suite started-at="2025-03-16T11:07:44 IST" name="Default suite" finished-at="2025-03-16T11:07:45 IST" duration-ms="91">
    <groups>
    </groups>
    <test started-at="2025-03-16T11:07:44 IST" name="Default test" finished-at="2025-03-16T11:07:45 IST" duration-ms="91">
      <class name="lesson1.child">
        <test-method is-config="true" signature="bm()[pri:0, instance:lesson1.child@79e2c065]" started-at="2025-03-16T11:07:45 IST" name="bm" finished-at="2025-03-16T11:07:45 IST" duration-ms="12" status="PASS">
          <reporter-output>
          </reporter-output>
        </test-method> <!-- bm -->
        <test-method signature="calculations()[pri:0, instance:lesson1.child@79e2c065]" started-at="2025-03-16T11:07:45 IST" name="calculations" finished-at="2025-03-16T11:07:45 IST" duration-ms="12" status="PASS">
          <reporter-output>
          </reporter-output>
        </test-method> <!-- calculations -->
        <test-method is-config="true" signature="am()[pri:0, instance:lesson1.child@79e2c065]" started-at="2025-03-16T11:07:45 IST" name="am" finished-at="2025-03-16T11:07:45 IST" duration-ms="1" status="PASS">
          <reporter-output>
          </reporter-output>
        </test-method> <!-- am -->
      </class> <!-- lesson1.child -->
    </test> <!-- Default test -->
  </suite> <!-- Default suite -->
</testng-results>
